<?xml version="1.0" encoding="utf-8"?>
<testsuites><testsuite name="django.contrib.auth.tests.auth_backends.AnonymousUserBackendTest"><testcase classname="django.contrib.auth.tests.auth_backends.AnonymousUserBackendTest" name="test_get_all_permissions" time="0.000441"></testcase><testcase classname="django.contrib.auth.tests.auth_backends.AnonymousUserBackendTest" name="test_has_module_perms" time="0.000378"></testcase><testcase classname="django.contrib.auth.tests.auth_backends.AnonymousUserBackendTest" name="test_has_perm" time="0.000166"></testcase><testcase classname="django.contrib.auth.tests.auth_backends.AnonymousUserBackendTest" name="test_has_perms" time="0.000192"></testcase></testsuite><testsuite name="django.contrib.auth.tests.context_processors.AuthContextProcessorTests"><testcase classname="django.contrib.auth.tests.context_processors.AuthContextProcessorTests" name="test_message_attrs" time="0.041065"></testcase><testcase classname="django.contrib.auth.tests.context_processors.AuthContextProcessorTests" name="test_perm_in_perms_attrs" time="0.027946"></testcase><testcase classname="django.contrib.auth.tests.context_processors.AuthContextProcessorTests" name="test_perms_attrs" time="0.028902"></testcase><testcase classname="django.contrib.auth.tests.context_processors.AuthContextProcessorTests" name="test_session_is_accessed" time="0.006062"></testcase><testcase classname="django.contrib.auth.tests.context_processors.AuthContextProcessorTests" name="test_session_not_accessed" time="0.005129"></testcase><testcase classname="django.contrib.auth.tests.context_processors.AuthContextProcessorTests" name="test_user_attrs" time="0.024616"></testcase></testsuite><testsuite name="django.contrib.auth.tests.views.AuthViewNamedURLTests"><testcase classname="django.contrib.auth.tests.views.AuthViewNamedURLTests" name="test_named_urls" time="0.004881"></testcase></testsuite><testsuite name="django.contrib.auth.tests.forms.AuthenticationFormTest"><testcase classname="django.contrib.auth.tests.forms.AuthenticationFormTest" name="test_inactive_user" time="0.003746"></testcase><testcase classname="django.contrib.auth.tests.forms.AuthenticationFormTest" name="test_inactive_user_i18n" time="0.031939"></testcase><testcase classname="django.contrib.auth.tests.forms.AuthenticationFormTest" name="test_invalid_username" time="0.003730"></testcase><testcase classname="django.contrib.auth.tests.forms.AuthenticationFormTest" name="test_success" time="0.004525"></testcase><testcase classname="django.contrib.auth.tests.forms.AuthenticationFormTest" name="test_username_field_label" time="0.000566"></testcase></testsuite><testsuite name="django.contrib.auth.tests.basic.BasicTestCase"><testcase classname="django.contrib.auth.tests.basic.BasicTestCase" name="test_anonymous_user" time="0.000197"></testcase><testcase classname="django.contrib.auth.tests.basic.BasicTestCase" name="test_createsuperuser_management_command" time="0.029445"></testcase><testcase classname="django.contrib.auth.tests.basic.BasicTestCase" name="test_createsuperuser_nolocale" time="0.160913"></testcase><testcase classname="django.contrib.auth.tests.basic.BasicTestCase" name="test_createsuperuser_non_ascii_verbose_name" time="0.164415"></testcase><testcase classname="django.contrib.auth.tests.basic.BasicTestCase" name="test_get_user_model" time="0.000130"></testcase><testcase classname="django.contrib.auth.tests.basic.BasicTestCase" name="test_superuser" time="0.159179"></testcase><testcase classname="django.contrib.auth.tests.basic.BasicTestCase" name="test_swappable_user" time="0.000400"></testcase><testcase classname="django.contrib.auth.tests.basic.BasicTestCase" name="test_swappable_user_bad_setting" time="0.000268"></testcase><testcase classname="django.contrib.auth.tests.basic.BasicTestCase" name="test_swappable_user_nonexistent_model" time="0.000269"></testcase><testcase classname="django.contrib.auth.tests.basic.BasicTestCase" name="test_user" time="0.787207"></testcase><testcase classname="django.contrib.auth.tests.basic.BasicTestCase" name="test_user_no_email" time="0.001514"></testcase></testsuite><testsuite name="django.contrib.auth.tests.views.ChangePasswordTest"><testcase classname="django.contrib.auth.tests.views.ChangePasswordTest" name="test_password_change_done_fails" time="0.005518"></testcase><testcase classname="django.contrib.auth.tests.views.ChangePasswordTest" name="test_password_change_done_succeeds" time="0.031827"></testcase><testcase classname="django.contrib.auth.tests.views.ChangePasswordTest" name="test_password_change_fails_with_invalid_old_password" time="0.033853"></testcase><testcase classname="django.contrib.auth.tests.views.ChangePasswordTest" name="test_password_change_fails_with_mismatched_passwords" time="0.030046"></testcase><testcase classname="django.contrib.auth.tests.views.ChangePasswordTest" name="test_password_change_succeeds" time="0.060880"></testcase></testsuite><testsuite name="django.contrib.auth.tests.views.ChangelistTests"><testcase classname="django.contrib.auth.tests.views.ChangelistTests" name="test_changelist_disallows_password_lookups" time="0.055185"></testcase></testsuite></testsuites>